16:09:49.121 [main] 112  evel org.testng.internal.Utils- [TestNG] Running:
  /Users/eram/Downloads/SeleniumWebdriver/opencartV121/master.xml

16:59:35.576 [main] 82   evel org.testng.TestNG- suiteXmlPath: "/Users/eram/Downloads/SeleniumWebdriver/opencartV121/master.xml"
16:59:35.783 [main] 112  evel org.testng.internal.Utils- [TestNG] Running:
  /Users/eram/Downloads/SeleniumWebdriver/opencartV121/master.xml

16:59:40.594 [main] 16   evel testCases.TC001_AccountRegistrationTest- ***** Starting TC001_AccountRegistrationTest *****
16:59:40.666 [main] 20   evel testCases.TC001_AccountRegistrationTest- Clicked on My Account Link
16:59:41.233 [main] 23   evel testCases.TC001_AccountRegistrationTest- Clicked on Register Link
16:59:41.237 [main] 26   evel testCases.TC001_AccountRegistrationTest- Providing Customer Details
16:59:42.648 [main] 41   evel testCases.TC001_AccountRegistrationTest- Validating the expected message
16:59:42.677 [main] 56   evel testCases.TC001_AccountRegistrationTest- ***** Finished TC001_AccountRegistrationTest *****
16:59:46.254 [main] 15   evel testCases.TC002_LoginTest- *******Starting of TC002_LoginTest ********
17:01:23.246 [main] 82   evel org.testng.TestNG- suiteXmlPath: "/Users/eram/Downloads/SeleniumWebdriver/opencartV121/crossbrowsertesting.xml"
17:01:23.364 [main] 112  evel org.testng.internal.Utils- [TestNG] Running:
  /Users/eram/Downloads/SeleniumWebdriver/opencartV121/crossbrowsertesting.xml

17:01:23.473 [TestNG-tests-3] 16   evel testCases.TC001_AccountRegistrationTest- ***** Starting TC001_AccountRegistrationTest *****
17:01:27.407 [TestNG-tests-1] 16   evel testCases.TC001_AccountRegistrationTest- ***** Starting TC001_AccountRegistrationTest *****
17:01:27.488 [TestNG-tests-1] 20   evel testCases.TC001_AccountRegistrationTest- Clicked on My Account Link
17:01:28.120 [TestNG-tests-1] 23   evel testCases.TC001_AccountRegistrationTest- Clicked on Register Link
17:01:28.123 [TestNG-tests-1] 26   evel testCases.TC001_AccountRegistrationTest- Providing Customer Details
17:01:29.447 [TestNG-tests-1] 41   evel testCases.TC001_AccountRegistrationTest- Validating the expected message
17:01:29.474 [TestNG-tests-1] 56   evel testCases.TC001_AccountRegistrationTest- ***** Finished TC001_AccountRegistrationTest *****
17:36:19.467 [main] 82   evel org.testng.TestNG- suiteXmlPath: "/Users/eram/Downloads/SeleniumWebdriver/opencartV121/grid-docker.xml"
17:36:19.577 [main] 112  evel org.testng.internal.Utils- [TestNG] Running:
  /Users/eram/Downloads/SeleniumWebdriver/opencartV121/grid-docker.xml

17:36:28.975 [main] 16   evel testCases.TC001_AccountRegistrationTest- ***** Starting TC001_AccountRegistrationTest *****
17:36:29.255 [main] 20   evel testCases.TC001_AccountRegistrationTest- Clicked on My Account Link
17:36:30.287 [main] 23   evel testCases.TC001_AccountRegistrationTest- Clicked on Register Link
17:36:30.289 [main] 26   evel testCases.TC001_AccountRegistrationTest- Providing Customer Details
17:36:32.064 [main] 41   evel testCases.TC001_AccountRegistrationTest- Validating the expected message
17:36:32.119 [main] 56   evel testCases.TC001_AccountRegistrationTest- ***** Finished TC001_AccountRegistrationTest *****
17:36:38.562 [main] 15   evel testCases.TC002_LoginTest- *******Starting of TC002_LoginTest ********
17:37:50.560 [main] 82   evel org.testng.TestNG- suiteXmlPath: "/Users/eram/Downloads/SeleniumWebdriver/opencartV121/grid-docker.xml"
17:37:50.663 [main] 112  evel org.testng.internal.Utils- [TestNG] Running:
  /Users/eram/Downloads/SeleniumWebdriver/opencartV121/grid-docker.xml

17:37:57.568 [main] 16   evel testCases.TC001_AccountRegistrationTest- ***** Starting TC001_AccountRegistrationTest *****
17:37:57.831 [main] 20   evel testCases.TC001_AccountRegistrationTest- Clicked on My Account Link
17:37:58.934 [main] 23   evel testCases.TC001_AccountRegistrationTest- Clicked on Register Link
17:37:58.936 [main] 26   evel testCases.TC001_AccountRegistrationTest- Providing Customer Details
17:38:00.752 [main] 41   evel testCases.TC001_AccountRegistrationTest- Validating the expected message
17:38:00.803 [main] 56   evel testCases.TC001_AccountRegistrationTest- ***** Finished TC001_AccountRegistrationTest *****
17:38:07.360 [main] 15   evel testCases.TC002_LoginTest- *******Starting of TC002_LoginTest ********
19:30:35.969 [main] 82   evel org.testng.TestNG- suiteXmlPath: "/Users/eram/Downloads/SeleniumWebdriver/opencartV121/master.xml"
19:34:29.726 [main] 82   evel org.testng.TestNG- suiteXmlPath: "/Users/eram/Downloads/SeleniumWebdriver/opencartV121/master.xml"
19:35:33.082 [main] 82   evel org.testng.TestNG- suiteXmlPath: "/Users/eram/Downloads/SeleniumWebdriver/opencartV121/master.xml"
19:36:03.355 [main] 82   evel org.testng.TestNG- suiteXmlPath: "/Users/eram/Downloads/SeleniumWebdriver/opencartV121/master.xml"
19:36:03.465 [main] 112  evel org.testng.internal.Utils- [TestNG] Running:
  /Users/eram/Downloads/SeleniumWebdriver/opencartV121/master.xml

19:53:25.726 [main] 82   evel org.testng.TestNG- suiteXmlPath: "/Users/eram/Downloads/SeleniumWebdriver/opencartV121/master.xml"
